
f
f
  args:  (5.0, {'in1': 1.0, 'in2': 2.0})
Function evaluation
<class 'numpy.ndarray'> [ 12.  31. 127.]

f vmap
f
  args:  (Traced<ShapedArray(float64[])>with<BatchTrace(level=1/0)> with
  val = array([ 0.,  1.,  2.,  3.,  4.,  5.,  6.,  7.,  8.,  9., 10., 11., 12.,
       13., 14., 15., 16., 17., 18., 19.])
  batch_dim = 0, {'in1': 1.0, 'in2': 2.0})
Function evaluation
f_batch
  args:  (array([ 0.,  1.,  2.,  3.,  4.,  5.,  6.,  7.,  8.,  9., 10., 11., 12.,
       13., 14., 15., 16., 17., 18., 19.]), 1.0, 2.0)
  batch_axes:  (0, None, None)
f
  args:  (0.0, (1.0, 2.0))
Function evaluation
f
  args:  (1.0, (1.0, 2.0))
Function evaluation
f
  args:  (2.0, (1.0, 2.0))
Function evaluation
f
  args:  (3.0, (1.0, 2.0))
Function evaluation
f
  args:  (4.0, (1.0, 2.0))
Function evaluation
f
  args:  (5.0, (1.0, 2.0))
Function evaluation
f
  args:  (6.0, (1.0, 2.0))
Function evaluation
f
  args:  (7.0, (1.0, 2.0))
Function evaluation
f
  args:  (8.0, (1.0, 2.0))
Function evaluation
f
  args:  (9.0, (1.0, 2.0))
Function evaluation
f
  args:  (10.0, (1.0, 2.0))
Function evaluation
f
  args:  (11.0, (1.0, 2.0))
Function evaluation
f
  args:  (12.0, (1.0, 2.0))
Function evaluation
f
  args:  (13.0, (1.0, 2.0))
Function evaluation
f
  args:  (14.0, (1.0, 2.0))
Function evaluation
f
  args:  (15.0, (1.0, 2.0))
Function evaluation
f
  args:  (16.0, (1.0, 2.0))
Function evaluation
f
  args:  (17.0, (1.0, 2.0))
Function evaluation
f
  args:  (18.0, (1.0, 2.0))
Function evaluation
f
  args:  (19.0, (1.0, 2.0))
Function evaluation
<class 'numpy.ndarray'> [[7.000e+00 6.000e+00 2.000e+00]
 [8.000e+00 7.000e+00 3.000e+00]
 [9.000e+00 1.000e+01 1.000e+01]
 [1.000e+01 1.500e+01 2.900e+01]
 [1.100e+01 2.200e+01 6.600e+01]
 [1.200e+01 3.100e+01 1.270e+02]
 [1.300e+01 4.200e+01 2.180e+02]
 [1.400e+01 5.500e+01 3.450e+02]
 [1.500e+01 7.000e+01 5.140e+02]
 [1.600e+01 8.700e+01 7.310e+02]
 [1.700e+01 1.060e+02 1.002e+03]
 [1.800e+01 1.270e+02 1.333e+03]
 [1.900e+01 1.500e+02 1.730e+03]
 [2.000e+01 1.750e+02 2.199e+03]
 [2.100e+01 2.020e+02 2.746e+03]
 [2.200e+01 2.310e+02 3.377e+03]
 [2.300e+01 2.620e+02 4.098e+03]
 [2.400e+01 2.950e+02 4.915e+03]
 [2.500e+01 3.300e+02 5.834e+03]
 [2.600e+01 3.670e+02 6.861e+03]]

jvp
f
  args:  (Traced<ConcreteArray(5.0, dtype=float64)>with<JVPTrace(level=1/0)> with
  primal = 5.0
  tangent = 1.0, {'in1': Traced<ConcreteArray(1.0, dtype=float64, weak_type=True)>with<JVPTrace(level=1/0)> with
  primal = 1.0
  tangent = 1.0, 'in2': Traced<ConcreteArray(2.0, dtype=float64, weak_type=True)>with<JVPTrace(level=1/0)> with
  primal = 2.0
  tangent = 2.0})
Function evaluation
f_jvp
  values:  (5.0, 1.0, 2.0)
  tangents:  (1.0, 1.0, 2.0)
f_jvp_impl
  args:  (5.0, 1.0, 2.0, 1.0, 1.0, 2.0)
(array([1., 2., 3.]), array([0.69473142, 0.50051997, 0.92483633]))

jacfwd (wrt t)
f
  args:  (Traced<ConcreteArray(5.0, dtype=float64)>with<JVPTrace(level=2/0)> with
  primal = 5.0
  tangent = Traced<ShapedArray(float64[])>with<BatchTrace(level=1/0)> with
    val = Array([1.], dtype=float64)
    batch_dim = 0, 1.0, 2.0)
Function evaluation
f_jvp
  values:  (5.0, 1.0, 2.0)
  tangents:  (Traced<ShapedArray(float64[])>with<BatchTrace(level=1/0)> with
  val = Array([1.], dtype=float64)
  batch_dim = 0, Zero(ShapedArray(float64[], weak_type=True)), Zero(ShapedArray(float64[], weak_type=True)))
f_jvp_batch
  args:  (5.0, 1.0, 2.0, Array([1.], dtype=float64), Zero(ShapedArray(float64[], weak_type=True)), Zero(ShapedArray(float64[], weak_type=True)))
  batch_axes:  (None, None, None, 0, None, None)
f_jvp_impl
  args:  (5.0, 1.0, 2.0)
[0.20595966 0.61547253 0.82375375]

jacfwd (wrt inputs)
f
  args:  (5.0, {'in1': Traced<ConcreteArray(1.0, dtype=float64, weak_type=True)>with<JVPTrace(level=2/0)> with
  primal = 1.0
  tangent = Traced<ShapedArray(float64[], weak_type=True)>with<BatchTrace(level=1/0)> with
    val = Array([1., 0.], dtype=float64, weak_type=True)
    batch_dim = 0, 'in2': Traced<ConcreteArray(2.0, dtype=float64, weak_type=True)>with<JVPTrace(level=2/0)> with
  primal = 2.0
  tangent = Traced<ShapedArray(float64[], weak_type=True)>with<BatchTrace(level=1/0)> with
    val = Array([0., 1.], dtype=float64, weak_type=True)
    batch_dim = 0})
Function evaluation
f_jvp
  values:  (5.0, 1.0, 2.0)
  tangents:  (Zero(ShapedArray(float64[])), Traced<ShapedArray(float64[], weak_type=True)>with<BatchTrace(level=1/0)> with
  val = Array([1., 0.], dtype=float64, weak_type=True)
  batch_dim = 0, Traced<ShapedArray(float64[], weak_type=True)>with<BatchTrace(level=1/0)> with
  val = Array([0., 1.], dtype=float64, weak_type=True)
  batch_dim = 0)
f_jvp_batch
  args:  (5.0, 1.0, 2.0, Zero(ShapedArray(float64[])), Array([1., 0.], dtype=float64, weak_type=True), Array([0., 1.], dtype=float64, weak_type=True))
  batch_axes:  (None, None, None, None, 0, 0)
Batch over inputs
  batch_axes:  (None, None, None, None, 0, 0)
  primals:  (5.0, 1.0, 2.0)
  tangents:  (Zero(ShapedArray(float64[])), Array([1., 0.], dtype=float64, weak_type=True), Array([0., 1.], dtype=float64, weak_type=True))
f_jvp
  values:  (5.0, 1.0, 2.0)
  tangents:  (Zero(ShapedArray(float64[])), Array([1., 0.], dtype=float64, weak_type=True), Array([0., 1.], dtype=float64, weak_type=True))
f_jvp_impl
  args:  (5.0, 1.0, 2.0, Zero(ShapedArray(float64[])), Array([1., 0.], dtype=float64, weak_type=True), Array([0., 1.], dtype=float64, weak_type=True))
f_jvp
  values:  (5.0, 1.0, 2.0)
  tangents:  (Zero(ShapedArray(float64[])), Array([1., 0.], dtype=float64, weak_type=True), Array([0., 1.], dtype=float64, weak_type=True))
f_jvp_impl
  args:  (5.0, 1.0, 2.0, Zero(ShapedArray(float64[])), Array([1., 0.], dtype=float64, weak_type=True), Array([0., 1.], dtype=float64, weak_type=True))
f_jvp_batch out:  [[[1.         2.         3.        ]
  [0.82098318 0.25706444 0.86804374]]

 [[1.         2.         3.        ]
  [0.38221566 0.35790246 0.22637502]]]
{'in1': Array([[1.        , 2.        , 3.        ],
       [0.82098318, 0.25706444, 0.86804374]], dtype=float64), 'in2': Array([[1.        , 2.        , 3.        ],
       [0.38221566, 0.35790246, 0.22637502]], dtype=float64)}

jacfwd (wrt inputs) vmap
f
  args:  (Traced<ShapedArray(float64[])>with<BatchTrace(level=1/0)> with
  val = array([ 0.,  1.,  2.,  3.,  4.,  5.,  6.,  7.,  8.,  9., 10., 11., 12.,
       13., 14., 15., 16., 17., 18., 19.])
  batch_dim = 0, {'in1': Traced<ConcreteArray(1.0, dtype=float64, weak_type=True)>with<JVPTrace(level=3/0)> with
  primal = 1.0
  tangent = Traced<ShapedArray(float64[], weak_type=True)>with<BatchTrace(level=2/0)> with
    val = Array([1., 0.], dtype=float64, weak_type=True)
    batch_dim = 0, 'in2': Traced<ConcreteArray(2.0, dtype=float64, weak_type=True)>with<JVPTrace(level=3/0)> with
  primal = 2.0
  tangent = Traced<ShapedArray(float64[], weak_type=True)>with<BatchTrace(level=2/0)> with
    val = Array([0., 1.], dtype=float64, weak_type=True)
    batch_dim = 0})
Function evaluation
f_jvp
  values:  (Traced<ShapedArray(float64[])>with<BatchTrace(level=1/0)> with
  val = array([ 0.,  1.,  2.,  3.,  4.,  5.,  6.,  7.,  8.,  9., 10., 11., 12.,
       13., 14., 15., 16., 17., 18., 19.])
  batch_dim = 0, 1.0, 2.0)
  tangents:  (Zero(ShapedArray(float64[])), Traced<ShapedArray(float64[], weak_type=True)>with<BatchTrace(level=2/0)> with
  val = Array([1., 0.], dtype=float64, weak_type=True)
  batch_dim = 0, Traced<ShapedArray(float64[], weak_type=True)>with<BatchTrace(level=2/0)> with
  val = Array([0., 1.], dtype=float64, weak_type=True)
  batch_dim = 0)
f_jvp_batch
  args:  (Traced<ShapedArray(float64[])>with<BatchTrace(level=1/0)> with
  val = array([ 0.,  1.,  2.,  3.,  4.,  5.,  6.,  7.,  8.,  9., 10., 11., 12.,
       13., 14., 15., 16., 17., 18., 19.])
  batch_dim = 0, 1.0, 2.0, Zero(ShapedArray(float64[])), Array([1., 0.], dtype=float64, weak_type=True), Array([0., 1.], dtype=float64, weak_type=True))
  batch_axes:  (None, None, None, None, 0, 0)
Batch over inputs
  batch_axes:  (None, None, None, None, 0, 0)
  primals:  (Traced<ShapedArray(float64[])>with<BatchTrace(level=1/0)> with
  val = array([ 0.,  1.,  2.,  3.,  4.,  5.,  6.,  7.,  8.,  9., 10., 11., 12.,
       13., 14., 15., 16., 17., 18., 19.])
  batch_dim = 0, 1.0, 2.0)
  tangents:  (Zero(ShapedArray(float64[])), Array([1., 0.], dtype=float64, weak_type=True), Array([0., 1.], dtype=float64, weak_type=True))
f_jvp
  values:  (Traced<ShapedArray(float64[])>with<BatchTrace(level=1/0)> with
  val = array([ 0.,  1.,  2.,  3.,  4.,  5.,  6.,  7.,  8.,  9., 10., 11., 12.,
       13., 14., 15., 16., 17., 18., 19.])
  batch_dim = 0, 1.0, 2.0)
  tangents:  (Zero(ShapedArray(float64[])), Array([1., 0.], dtype=float64, weak_type=True), Array([0., 1.], dtype=float64, weak_type=True))
f_jvp_batch
  args:  (array([ 0.,  1.,  2.,  3.,  4.,  5.,  6.,  7.,  8.,  9., 10., 11., 12.,
       13., 14., 15., 16., 17., 18., 19.]), 1.0, 2.0, Zero(ShapedArray(float64[])), Array([1., 0.], dtype=float64, weak_type=True), Array([0., 1.], dtype=float64, weak_type=True))
  batch_axes:  (0, None, None, None, None, None)
f_jvp
  values:  (0.0, 1.0, 2.0)
  tangents:  (Zero(ShapedArray(float64[])), Array([1., 0.], dtype=float64, weak_type=True), Array([0., 1.], dtype=float64, weak_type=True))
f_jvp_impl
  args:  (0.0, 1.0, 2.0, Zero(ShapedArray(float64[])), Array([1., 0.], dtype=float64, weak_type=True), Array([0., 1.], dtype=float64, weak_type=True))
f_jvp
  values:  (1.0, 1.0, 2.0)
  tangents:  (Zero(ShapedArray(float64[])), Array([1., 0.], dtype=float64, weak_type=True), Array([0., 1.], dtype=float64, weak_type=True))
f_jvp_impl
  args:  (1.0, 1.0, 2.0, Zero(ShapedArray(float64[])), Array([1., 0.], dtype=float64, weak_type=True), Array([0., 1.], dtype=float64, weak_type=True))
f_jvp
  values:  (2.0, 1.0, 2.0)
  tangents:  (Zero(ShapedArray(float64[])), Array([1., 0.], dtype=float64, weak_type=True), Array([0., 1.], dtype=float64, weak_type=True))
f_jvp_impl
  args:  (2.0, 1.0, 2.0, Zero(ShapedArray(float64[])), Array([1., 0.], dtype=float64, weak_type=True), Array([0., 1.], dtype=float64, weak_type=True))
f_jvp
  values:  (3.0, 1.0, 2.0)
  tangents:  (Zero(ShapedArray(float64[])), Array([1., 0.], dtype=float64, weak_type=True), Array([0., 1.], dtype=float64, weak_type=True))
f_jvp_impl
  args:  (3.0, 1.0, 2.0, Zero(ShapedArray(float64[])), Array([1., 0.], dtype=float64, weak_type=True), Array([0., 1.], dtype=float64, weak_type=True))
f_jvp
  values:  (4.0, 1.0, 2.0)
  tangents:  (Zero(ShapedArray(float64[])), Array([1., 0.], dtype=float64, weak_type=True), Array([0., 1.], dtype=float64, weak_type=True))
f_jvp_impl
  args:  (4.0, 1.0, 2.0, Zero(ShapedArray(float64[])), Array([1., 0.], dtype=float64, weak_type=True), Array([0., 1.], dtype=float64, weak_type=True))
f_jvp
  values:  (5.0, 1.0, 2.0)
  tangents:  (Zero(ShapedArray(float64[])), Array([1., 0.], dtype=float64, weak_type=True), Array([0., 1.], dtype=float64, weak_type=True))
f_jvp_impl
  args:  (5.0, 1.0, 2.0, Zero(ShapedArray(float64[])), Array([1., 0.], dtype=float64, weak_type=True), Array([0., 1.], dtype=float64, weak_type=True))
f_jvp
  values:  (6.0, 1.0, 2.0)
  tangents:  (Zero(ShapedArray(float64[])), Array([1., 0.], dtype=float64, weak_type=True), Array([0., 1.], dtype=float64, weak_type=True))
f_jvp_impl
  args:  (6.0, 1.0, 2.0, Zero(ShapedArray(float64[])), Array([1., 0.], dtype=float64, weak_type=True), Array([0., 1.], dtype=float64, weak_type=True))
f_jvp
  values:  (7.0, 1.0, 2.0)
  tangents:  (Zero(ShapedArray(float64[])), Array([1., 0.], dtype=float64, weak_type=True), Array([0., 1.], dtype=float64, weak_type=True))
f_jvp_impl
  args:  (7.0, 1.0, 2.0, Zero(ShapedArray(float64[])), Array([1., 0.], dtype=float64, weak_type=True), Array([0., 1.], dtype=float64, weak_type=True))
f_jvp
  values:  (8.0, 1.0, 2.0)
  tangents:  (Zero(ShapedArray(float64[])), Array([1., 0.], dtype=float64, weak_type=True), Array([0., 1.], dtype=float64, weak_type=True))
f_jvp_impl
  args:  (8.0, 1.0, 2.0, Zero(ShapedArray(float64[])), Array([1., 0.], dtype=float64, weak_type=True), Array([0., 1.], dtype=float64, weak_type=True))
f_jvp
  values:  (9.0, 1.0, 2.0)
  tangents:  (Zero(ShapedArray(float64[])), Array([1., 0.], dtype=float64, weak_type=True), Array([0., 1.], dtype=float64, weak_type=True))
f_jvp_impl
  args:  (9.0, 1.0, 2.0, Zero(ShapedArray(float64[])), Array([1., 0.], dtype=float64, weak_type=True), Array([0., 1.], dtype=float64, weak_type=True))
f_jvp
  values:  (10.0, 1.0, 2.0)
  tangents:  (Zero(ShapedArray(float64[])), Array([1., 0.], dtype=float64, weak_type=True), Array([0., 1.], dtype=float64, weak_type=True))
f_jvp_impl
  args:  (10.0, 1.0, 2.0, Zero(ShapedArray(float64[])), Array([1., 0.], dtype=float64, weak_type=True), Array([0., 1.], dtype=float64, weak_type=True))
f_jvp
  values:  (11.0, 1.0, 2.0)
  tangents:  (Zero(ShapedArray(float64[])), Array([1., 0.], dtype=float64, weak_type=True), Array([0., 1.], dtype=float64, weak_type=True))
f_jvp_impl
  args:  (11.0, 1.0, 2.0, Zero(ShapedArray(float64[])), Array([1., 0.], dtype=float64, weak_type=True), Array([0., 1.], dtype=float64, weak_type=True))
f_jvp
  values:  (12.0, 1.0, 2.0)
  tangents:  (Zero(ShapedArray(float64[])), Array([1., 0.], dtype=float64, weak_type=True), Array([0., 1.], dtype=float64, weak_type=True))
f_jvp_impl
  args:  (12.0, 1.0, 2.0, Zero(ShapedArray(float64[])), Array([1., 0.], dtype=float64, weak_type=True), Array([0., 1.], dtype=float64, weak_type=True))
f_jvp
  values:  (13.0, 1.0, 2.0)
  tangents:  (Zero(ShapedArray(float64[])), Array([1., 0.], dtype=float64, weak_type=True), Array([0., 1.], dtype=float64, weak_type=True))
f_jvp_impl
  args:  (13.0, 1.0, 2.0, Zero(ShapedArray(float64[])), Array([1., 0.], dtype=float64, weak_type=True), Array([0., 1.], dtype=float64, weak_type=True))
f_jvp
  values:  (14.0, 1.0, 2.0)
  tangents:  (Zero(ShapedArray(float64[])), Array([1., 0.], dtype=float64, weak_type=True), Array([0., 1.], dtype=float64, weak_type=True))
f_jvp_impl
  args:  (14.0, 1.0, 2.0, Zero(ShapedArray(float64[])), Array([1., 0.], dtype=float64, weak_type=True), Array([0., 1.], dtype=float64, weak_type=True))
f_jvp
  values:  (15.0, 1.0, 2.0)
  tangents:  (Zero(ShapedArray(float64[])), Array([1., 0.], dtype=float64, weak_type=True), Array([0., 1.], dtype=float64, weak_type=True))
f_jvp_impl
  args:  (15.0, 1.0, 2.0, Zero(ShapedArray(float64[])), Array([1., 0.], dtype=float64, weak_type=True), Array([0., 1.], dtype=float64, weak_type=True))
f_jvp
  values:  (16.0, 1.0, 2.0)
  tangents:  (Zero(ShapedArray(float64[])), Array([1., 0.], dtype=float64, weak_type=True), Array([0., 1.], dtype=float64, weak_type=True))
f_jvp_impl
  args:  (16.0, 1.0, 2.0, Zero(ShapedArray(float64[])), Array([1., 0.], dtype=float64, weak_type=True), Array([0., 1.], dtype=float64, weak_type=True))
f_jvp
  values:  (17.0, 1.0, 2.0)
  tangents:  (Zero(ShapedArray(float64[])), Array([1., 0.], dtype=float64, weak_type=True), Array([0., 1.], dtype=float64, weak_type=True))
f_jvp_impl
  args:  (17.0, 1.0, 2.0, Zero(ShapedArray(float64[])), Array([1., 0.], dtype=float64, weak_type=True), Array([0., 1.], dtype=float64, weak_type=True))
f_jvp
  values:  (18.0, 1.0, 2.0)
  tangents:  (Zero(ShapedArray(float64[])), Array([1., 0.], dtype=float64, weak_type=True), Array([0., 1.], dtype=float64, weak_type=True))
f_jvp_impl
  args:  (18.0, 1.0, 2.0, Zero(ShapedArray(float64[])), Array([1., 0.], dtype=float64, weak_type=True), Array([0., 1.], dtype=float64, weak_type=True))
f_jvp
  values:  (19.0, 1.0, 2.0)
  tangents:  (Zero(ShapedArray(float64[])), Array([1., 0.], dtype=float64, weak_type=True), Array([0., 1.], dtype=float64, weak_type=True))
f_jvp_impl
  args:  (19.0, 1.0, 2.0, Zero(ShapedArray(float64[])), Array([1., 0.], dtype=float64, weak_type=True), Array([0., 1.], dtype=float64, weak_type=True))
f_jvp
  values:  (Traced<ShapedArray(float64[])>with<BatchTrace(level=1/0)> with
  val = array([ 0.,  1.,  2.,  3.,  4.,  5.,  6.,  7.,  8.,  9., 10., 11., 12.,
       13., 14., 15., 16., 17., 18., 19.])
  batch_dim = 0, 1.0, 2.0)
  tangents:  (Zero(ShapedArray(float64[])), Array([1., 0.], dtype=float64, weak_type=True), Array([0., 1.], dtype=float64, weak_type=True))
f_jvp_batch
  args:  (array([ 0.,  1.,  2.,  3.,  4.,  5.,  6.,  7.,  8.,  9., 10., 11., 12.,
       13., 14., 15., 16., 17., 18., 19.]), 1.0, 2.0, Zero(ShapedArray(float64[])), Array([1., 0.], dtype=float64, weak_type=True), Array([0., 1.], dtype=float64, weak_type=True))
  batch_axes:  (0, None, None, None, None, None)
f_jvp
  values:  (0.0, 1.0, 2.0)
  tangents:  (Zero(ShapedArray(float64[])), Array([1., 0.], dtype=float64, weak_type=True), Array([0., 1.], dtype=float64, weak_type=True))
f_jvp_impl
  args:  (0.0, 1.0, 2.0, Zero(ShapedArray(float64[])), Array([1., 0.], dtype=float64, weak_type=True), Array([0., 1.], dtype=float64, weak_type=True))
f_jvp
  values:  (1.0, 1.0, 2.0)
  tangents:  (Zero(ShapedArray(float64[])), Array([1., 0.], dtype=float64, weak_type=True), Array([0., 1.], dtype=float64, weak_type=True))
f_jvp_impl
  args:  (1.0, 1.0, 2.0, Zero(ShapedArray(float64[])), Array([1., 0.], dtype=float64, weak_type=True), Array([0., 1.], dtype=float64, weak_type=True))
f_jvp
  values:  (2.0, 1.0, 2.0)
  tangents:  (Zero(ShapedArray(float64[])), Array([1., 0.], dtype=float64, weak_type=True), Array([0., 1.], dtype=float64, weak_type=True))
f_jvp_impl
  args:  (2.0, 1.0, 2.0, Zero(ShapedArray(float64[])), Array([1., 0.], dtype=float64, weak_type=True), Array([0., 1.], dtype=float64, weak_type=True))
f_jvp
  values:  (3.0, 1.0, 2.0)
  tangents:  (Zero(ShapedArray(float64[])), Array([1., 0.], dtype=float64, weak_type=True), Array([0., 1.], dtype=float64, weak_type=True))
f_jvp_impl
  args:  (3.0, 1.0, 2.0, Zero(ShapedArray(float64[])), Array([1., 0.], dtype=float64, weak_type=True), Array([0., 1.], dtype=float64, weak_type=True))
f_jvp
  values:  (4.0, 1.0, 2.0)
  tangents:  (Zero(ShapedArray(float64[])), Array([1., 0.], dtype=float64, weak_type=True), Array([0., 1.], dtype=float64, weak_type=True))
f_jvp_impl
  args:  (4.0, 1.0, 2.0, Zero(ShapedArray(float64[])), Array([1., 0.], dtype=float64, weak_type=True), Array([0., 1.], dtype=float64, weak_type=True))
f_jvp
  values:  (5.0, 1.0, 2.0)
  tangents:  (Zero(ShapedArray(float64[])), Array([1., 0.], dtype=float64, weak_type=True), Array([0., 1.], dtype=float64, weak_type=True))
f_jvp_impl
  args:  (5.0, 1.0, 2.0, Zero(ShapedArray(float64[])), Array([1., 0.], dtype=float64, weak_type=True), Array([0., 1.], dtype=float64, weak_type=True))
f_jvp
  values:  (6.0, 1.0, 2.0)
  tangents:  (Zero(ShapedArray(float64[])), Array([1., 0.], dtype=float64, weak_type=True), Array([0., 1.], dtype=float64, weak_type=True))
f_jvp_impl
  args:  (6.0, 1.0, 2.0, Zero(ShapedArray(float64[])), Array([1., 0.], dtype=float64, weak_type=True), Array([0., 1.], dtype=float64, weak_type=True))
f_jvp
  values:  (7.0, 1.0, 2.0)
  tangents:  (Zero(ShapedArray(float64[])), Array([1., 0.], dtype=float64, weak_type=True), Array([0., 1.], dtype=float64, weak_type=True))
f_jvp_impl
  args:  (7.0, 1.0, 2.0, Zero(ShapedArray(float64[])), Array([1., 0.], dtype=float64, weak_type=True), Array([0., 1.], dtype=float64, weak_type=True))
f_jvp
  values:  (8.0, 1.0, 2.0)
  tangents:  (Zero(ShapedArray(float64[])), Array([1., 0.], dtype=float64, weak_type=True), Array([0., 1.], dtype=float64, weak_type=True))
f_jvp_impl
  args:  (8.0, 1.0, 2.0, Zero(ShapedArray(float64[])), Array([1., 0.], dtype=float64, weak_type=True), Array([0., 1.], dtype=float64, weak_type=True))
f_jvp
  values:  (9.0, 1.0, 2.0)
  tangents:  (Zero(ShapedArray(float64[])), Array([1., 0.], dtype=float64, weak_type=True), Array([0., 1.], dtype=float64, weak_type=True))
f_jvp_impl
  args:  (9.0, 1.0, 2.0, Zero(ShapedArray(float64[])), Array([1., 0.], dtype=float64, weak_type=True), Array([0., 1.], dtype=float64, weak_type=True))
f_jvp
  values:  (10.0, 1.0, 2.0)
  tangents:  (Zero(ShapedArray(float64[])), Array([1., 0.], dtype=float64, weak_type=True), Array([0., 1.], dtype=float64, weak_type=True))
f_jvp_impl
  args:  (10.0, 1.0, 2.0, Zero(ShapedArray(float64[])), Array([1., 0.], dtype=float64, weak_type=True), Array([0., 1.], dtype=float64, weak_type=True))
f_jvp
  values:  (11.0, 1.0, 2.0)
  tangents:  (Zero(ShapedArray(float64[])), Array([1., 0.], dtype=float64, weak_type=True), Array([0., 1.], dtype=float64, weak_type=True))
f_jvp_impl
  args:  (11.0, 1.0, 2.0, Zero(ShapedArray(float64[])), Array([1., 0.], dtype=float64, weak_type=True), Array([0., 1.], dtype=float64, weak_type=True))
f_jvp
  values:  (12.0, 1.0, 2.0)
  tangents:  (Zero(ShapedArray(float64[])), Array([1., 0.], dtype=float64, weak_type=True), Array([0., 1.], dtype=float64, weak_type=True))
f_jvp_impl
  args:  (12.0, 1.0, 2.0, Zero(ShapedArray(float64[])), Array([1., 0.], dtype=float64, weak_type=True), Array([0., 1.], dtype=float64, weak_type=True))
f_jvp
  values:  (13.0, 1.0, 2.0)
  tangents:  (Zero(ShapedArray(float64[])), Array([1., 0.], dtype=float64, weak_type=True), Array([0., 1.], dtype=float64, weak_type=True))
f_jvp_impl
  args:  (13.0, 1.0, 2.0, Zero(ShapedArray(float64[])), Array([1., 0.], dtype=float64, weak_type=True), Array([0., 1.], dtype=float64, weak_type=True))
f_jvp
  values:  (14.0, 1.0, 2.0)
  tangents:  (Zero(ShapedArray(float64[])), Array([1., 0.], dtype=float64, weak_type=True), Array([0., 1.], dtype=float64, weak_type=True))
f_jvp_impl
  args:  (14.0, 1.0, 2.0, Zero(ShapedArray(float64[])), Array([1., 0.], dtype=float64, weak_type=True), Array([0., 1.], dtype=float64, weak_type=True))
f_jvp
  values:  (15.0, 1.0, 2.0)
  tangents:  (Zero(ShapedArray(float64[])), Array([1., 0.], dtype=float64, weak_type=True), Array([0., 1.], dtype=float64, weak_type=True))
f_jvp_impl
  args:  (15.0, 1.0, 2.0, Zero(ShapedArray(float64[])), Array([1., 0.], dtype=float64, weak_type=True), Array([0., 1.], dtype=float64, weak_type=True))
f_jvp
  values:  (16.0, 1.0, 2.0)
  tangents:  (Zero(ShapedArray(float64[])), Array([1., 0.], dtype=float64, weak_type=True), Array([0., 1.], dtype=float64, weak_type=True))
f_jvp_impl
  args:  (16.0, 1.0, 2.0, Zero(ShapedArray(float64[])), Array([1., 0.], dtype=float64, weak_type=True), Array([0., 1.], dtype=float64, weak_type=True))
f_jvp
  values:  (17.0, 1.0, 2.0)
  tangents:  (Zero(ShapedArray(float64[])), Array([1., 0.], dtype=float64, weak_type=True), Array([0., 1.], dtype=float64, weak_type=True))
f_jvp_impl
  args:  (17.0, 1.0, 2.0, Zero(ShapedArray(float64[])), Array([1., 0.], dtype=float64, weak_type=True), Array([0., 1.], dtype=float64, weak_type=True))
f_jvp
  values:  (18.0, 1.0, 2.0)
  tangents:  (Zero(ShapedArray(float64[])), Array([1., 0.], dtype=float64, weak_type=True), Array([0., 1.], dtype=float64, weak_type=True))
f_jvp_impl
  args:  (18.0, 1.0, 2.0, Zero(ShapedArray(float64[])), Array([1., 0.], dtype=float64, weak_type=True), Array([0., 1.], dtype=float64, weak_type=True))
f_jvp
  values:  (19.0, 1.0, 2.0)
  tangents:  (Zero(ShapedArray(float64[])), Array([1., 0.], dtype=float64, weak_type=True), Array([0., 1.], dtype=float64, weak_type=True))
f_jvp_impl
  args:  (19.0, 1.0, 2.0, Zero(ShapedArray(float64[])), Array([1., 0.], dtype=float64, weak_type=True), Array([0., 1.], dtype=float64, weak_type=True))
